<html>
<body>
<pre>
<h1>µVision Build Log</h1>
<h2>Project:</h2>
C:\Users\Admin\Documents\School\Junior 2\EE445M\ValvanoWareTM4C123\Heap_4C123\robot-lab6-7-ar47986_lk7236_jl57566_ecl625\OldLab3_Jim_Eric\Lab3Working3PriorityBlockingFinal\lab1.uvproj
Project File Date:  03/06/2017

<h2>Output:</h2>
Rebuild target 'ST7735'
compiling ST7735TestMain.c...
compiling ADC.c...
compiling Interpreter.c...
compiling OS.c...
compiling PLL.c...
compiling ST7735.c...
compiling SysTickInts.c...
compiling Timer0A.c...
compiling Timer4A.c...
compiling UART.c...
assembling startup.s...
assembling PID_stm32.s...
assembling osasm.s...
assembling cr4_fft_64_stm32.s...
compiling PFEdgeTrigger.c...
compiling Timer1.c...
compiling IDPriorityQueue.c...
compiling PriorityPriorityQueue.c...
linking...
Program Size: Code=14068 RO-data=2052 RW-data=260 ZI-data=6740  
".\ST7735.axf" - 0 Error(s), 0 Warning(s).
</pre>
</body>
</html>
embling osasm.s...
assembling cr4_fft_64_stm32.s...
compiling PFEdgeTrigger.c...
compiling Timer1.c...
compiling IDPriorityQueue.c...
..\LiuWareTM4C123Lab3\../LiuWareTM4C123Lab3/IDPriorityQueue.h(7): warning:  #1-D: last line of file ends without a newline
  #endif
..\LiuWareTM4C123Lab3\IDPriorityQueue.c: 1 warning, 0 errors
compiling PriorityPriorityQueue.c...
..\LiuWareTM4C123Lab3\../LiuWareTM4C123Lab3/PriorityPriorityQueue.h(22): warning:  #1-D: last line of file ends without a newline
  #endif
..\LiuWareTM4C123Lab3\PriorityPriorityQueue.c: 1 warning, 0 errors
linking...
Program Size: Code=14068 RO-data=2052 RW-data=260 ZI-data=6740  
".\ST7735.axf" - 0 Error(s), 4 Warning(s).
unior 2\\EE445M\\ValvanoWareTM4C123\\Heap_4C123\\robot-lab6-7-ar47986_lk7236_jl57566_ecl625\\OldLab3_Jim_Eric\\Lab3Working3PriorityBlockingFinal\\ST7735.axf" 
Connecting: Mode=JTAG, Speed=1000000Hz
Erase Done.
Programming Done.
Verify OK.
ove" declared implicitly
        priQueueRemove(RunPt);
..\LiuWareTM4C123Lab3\OS.c(405): warning:  #223-D: function "priQueuePeek" declared implicitly
        RunPt = priQueuePeek(); 
..\LiuWareTM4C123Lab3\OS.c(405): error:  #513: a value of type "int" cannot be assigned to an entity of type "tcbType *"
        RunPt = priQueuePeek(); 
..\LiuWareTM4C123Lab3\OS.c(416): warning:  #223-D: function "priQueuePeekAndRotate" declared implicitly
        RunPt = priQueuePeekAndRotate();
..\LiuWareTM4C123Lab3\OS.c(416): error:  #513: a value of type "int" cannot be assigned to an entity of type "tcbType *"
        RunPt = priQueuePeekAndRotate();
..\LiuWareTM4C123Lab3\OS.c(617): warning:  #223-D: function "priQueuePeek" declared implicitly
        RunPt = priQueuePeek();
..\LiuWareTM4C123Lab3\OS.c(617): error:  #513: a value of type "int" cannot be assigned to an entity of type "tcbType *"
        RunPt = priQueuePeek();
..\LiuWareTM4C123Lab3\OS.c: 12 warnings, 4 errors
compiling PLL.c...
compiling ST7735.c...
compiling SysTickInts.c...
compiling Timer0A.c...
compiling Timer4A.c...
compiling UART.c...
assembling startup.s...
assembling PID_stm32.s...
assembling osasm.s...
assembling cr4_fft_64_stm32.s...
compiling PFEdgeTrigger.c...
compiling Timer1.c...
compiling IDPriorityQueue.c...
compiling PriorityPriorityQueue.c...
".\ST7735.axf" - 4 Error(s), 12 Warning(s).
Target not created
.h(8): warning:  #1295-D: Deprecated declaration priQueuePop - give arg types
  tcbType * priQueuePop();
..\LiuWareTM4C123Lab3\../LiuWareTM4C123Lab3/PriorityPriorityQueue.h(17): warning:  #1295-D: Deprecated declaration priQueuePeek - give arg types
  tcbType* priQueuePeek();
..\LiuWareTM4C123Lab3\../LiuWareTM4C123Lab3/PriorityPriorityQueue.h(19): warning:  #1295-D: Deprecated declaration priQueuePeekAndRotate - give arg types
  tcbType* priQueuePeekAndRotate();
..\LiuWareTM4C123Lab3\PriorityPriorityQueue.c: 3 warnings, 0 errors
".\ST7735.axf" - 4 Error(s), 15 Warning(s).
Target not created
